[2020-06-15T07:54:45-05:00] INFO: Server on port 8000
[2020-06-15T07:54:45-05:00] INFO: Connection has been established successfully!
[2020-06-15T07:54:53-05:00] DEBUG:  OPTIONS /user/login HTTP/1.1 STATUS(200) ms-0 ::1 - -  Mozilla/5.0 (Windows NT 10.0; Win64; x64) AppleWebKit/537.36 (KHTML, like Gecko) Chrome/83.0.4103.97 Safari/537.36
[2020-06-15T07:54:53-05:00] INFO: read user-validate:
[2020-06-15T07:54:53-05:00] DEBUG:  POST /user/login HTTP/1.1 STATUS(404) ms-54 ::1 - -  Mozilla/5.0 (Windows NT 10.0; Win64; x64) AppleWebKit/537.36 (KHTML, like Gecko) Chrome/83.0.4103.97 Safari/537.36
[2020-06-15T07:56:30-05:00] INFO: Server on port 8000
[2020-06-15T07:56:30-05:00] INFO: Connection has been established successfully!
[2020-06-15T07:56:34-05:00] DEBUG:  OPTIONS /user/login HTTP/1.1 STATUS:200 ::1 - -  Mozilla/5.0 (Windows NT 10.0; Win64; x64) AppleWebKit/537.36 (KHTML, like Gecko) Chrome/83.0.4103.97 Safari/537.36
[2020-06-15T07:56:34-05:00] INFO: read user-validate:
[2020-06-15T07:56:34-05:00] DEBUG:  POST /user/login HTTP/1.1 STATUS:404 ::1 - -  Mozilla/5.0 (Windows NT 10.0; Win64; x64) AppleWebKit/537.36 (KHTML, like Gecko) Chrome/83.0.4103.97 Safari/537.36
[2020-06-15T07:57:30-05:00] INFO: Server on port 8000
[2020-06-15T07:57:30-05:00] INFO: Connection has been established successfully!
[2020-06-15T07:59:22-05:00] INFO: Server on port 8000
[2020-06-15T07:59:23-05:00] INFO: Connection has been established successfully!
[2020-06-15T07:59:27-05:00] DEBUG:  OPTIONS /user/login HTTP/1.1 STATUS:200 ::1 - -  Mozilla/5.0 (Windows NT 10.0; Win64; x64) AppleWebKit/537.36 (KHTML, like Gecko) Chrome/83.0.4103.97 Safari/537.36
[2020-06-15T07:59:27-05:00] INFO: read user-validate:
[2020-06-15T07:59:27-05:00] DEBUG:  POST /user/login HTTP/1.1 STATUS:404 ::1 - -  Mozilla/5.0 (Windows NT 10.0; Win64; x64) AppleWebKit/537.36 (KHTML, like Gecko) Chrome/83.0.4103.97 Safari/537.36
[2020-06-15T08:01:08-05:00] INFO: Server on port 8000
[2020-06-15T08:01:08-05:00] INFO: Connection has been established successfully!
[2020-06-15T08:01:15-05:00] DEBUG:  OPTIONS /user/login HTTP/1.1 STATUS:200 URL:/user/login ::1 - -  Mozilla/5.0 (Windows NT 10.0; Win64; x64) AppleWebKit/537.36 (KHTML, like Gecko) Chrome/83.0.4103.97 Safari/537.36
[2020-06-15T08:01:15-05:00] INFO: read user-validate:
[2020-06-15T08:01:15-05:00] DEBUG:  POST /user/login HTTP/1.1 STATUS:404 URL:/user/login ::1 - -  Mozilla/5.0 (Windows NT 10.0; Win64; x64) AppleWebKit/537.36 (KHTML, like Gecko) Chrome/83.0.4103.97 Safari/537.36
[2020-06-15T08:03:42-05:00] INFO: Server on port 8000
[2020-06-15T08:03:42-05:00] INFO: Connection has been established successfully!
[2020-06-15T08:03:50-05:00] DEBUG:  OPTIONS /user/login STATUS:200 URL:/user/login ::1 - -  Mozilla/5.0 (Windows NT 10.0; Win64; x64) AppleWebKit/537.36 (KHTML, like Gecko) Chrome/83.0.4103.97 Safari/537.36
[2020-06-15T08:03:50-05:00] INFO: read user-validate:
[2020-06-15T08:03:50-05:00] DEBUG:  POST /user/login STATUS:404 URL:/user/login ::1 - -  Mozilla/5.0 (Windows NT 10.0; Win64; x64) AppleWebKit/537.36 (KHTML, like Gecko) Chrome/83.0.4103.97 Safari/537.36
[2020-06-15T08:06:25-05:00] INFO: Server on port 8000
[2020-06-15T08:06:25-05:00] INFO: Connection has been established successfully!
[2020-06-15T08:06:30-05:00] DEBUG:  OPTIONS /user/login STATUS:200 REMOTE_ADDR:::1 REMOTE_USER:- USER-AGENT:Mozilla/5.0 (Windows NT 10.0; Win64; x64) AppleWebKit/537.36 (KHTML, like Gecko) Chrome/83.0.4103.97 Safari/537.36
[2020-06-15T08:06:30-05:00] INFO: read user-validate:
[2020-06-15T08:06:31-05:00] DEBUG:  POST /user/login STATUS:404 REMOTE_ADDR:::1 REMOTE_USER:- USER-AGENT:Mozilla/5.0 (Windows NT 10.0; Win64; x64) AppleWebKit/537.36 (KHTML, like Gecko) Chrome/83.0.4103.97 Safari/537.36
[2020-06-15T08:14:34-05:00] INFO: read managed-users:
[2020-06-15T08:14:34-05:00] DEBUG:  GET /enterprise/find/managed/enterprise10 STATUS:404 REMOTE_ADDR:::1 REMOTE_USER:- USER-AGENT:PostmanRuntime/7.25.0
[2020-06-15T08:19:47-05:00] INFO: Server on port 8000
[2020-06-15T08:19:48-05:00] INFO: Connection has been established successfully!
[2020-06-15T08:20:04-05:00] INFO: read user-by-username:
[2020-06-15T08:21:15-05:00] INFO: Server on port 8000
[2020-06-15T08:21:15-05:00] INFO: Connection has been established successfully!
[2020-06-15T08:21:25-05:00] INFO: read user-by-username:
[2020-06-15T08:21:37-05:00] INFO: Server on port 8000
[2020-06-15T08:21:37-05:00] INFO: Connection has been established successfully!
[2020-06-15T08:21:40-05:00] INFO: read user-by-username:
[2020-06-15T08:21:40-05:00] WARNING: User not exists
[2020-06-15T08:23:40-05:00] DEBUG:  GET /user/find/miapenahu2 STATUS:- REMOTE_ADDR:::1 REMOTE_USER:- USER-AGENT:PostmanRuntime/7.25.0
[2020-06-15T08:24:30-05:00] INFO: Server on port 8000
[2020-06-15T08:24:30-05:00] INFO: Connection has been established successfully!
[2020-06-15T08:24:38-05:00] INFO: read user-by-username:
[2020-06-15T08:24:38-05:00] WARNING: User not exists
[2020-06-15T08:24:38-05:00] DEBUG:  GET /user/find/miapenahu2 STATUS:500 REMOTE_ADDR:::1 REMOTE_USER:- USER-AGENT:PostmanRuntime/7.25.0
[2020-06-15T08:34:49-05:00] INFO: Server on port 8000
[2020-06-15T08:34:49-05:00] INFO: Connection has been established successfully!
[2020-06-15T08:35:41-05:00] INFO: Server on port 8000
[2020-06-15T08:35:41-05:00] INFO: Connection has been established successfully!
[2020-06-15T08:35:47-05:00] INFO: Server on port 8000
[2020-06-15T08:35:48-05:00] INFO: Connection has been established successfully!
[2020-06-15T08:36:01-05:00] INFO: read user-by-username:
[2020-06-15T08:36:01-05:00] WARNING: User with the specified username does not exists
[2020-06-15T08:36:01-05:00] DEBUG:  GET /user/find/miapenahu2 STATUS:404 REMOTE_ADDR:::1 REMOTE_USER:- USER-AGENT:PostmanRuntime/7.25.0
[2020-06-15T08:37:44-05:00] INFO: Server on port 8000
[2020-06-15T08:37:44-05:00] INFO: Connection has been established successfully!
[2020-06-15T08:39:00-05:00] INFO: Server on port 8000
[2020-06-15T08:39:00-05:00] INFO: Connection has been established successfully!
[2020-06-15T08:39:04-05:00] INFO: read user-by-username:
[2020-06-15T08:39:04-05:00] WARNING: User not exists
[2020-06-15T08:39:04-05:00] DEBUG:  GET /user/find/miapenahu2 STATUS:500 REMOTE_ADDR:::1 REMOTE_USER:- USER-AGENT:PostmanRuntime/7.25.0
[2020-06-15T08:39:53-05:00] INFO: Server on port 8000
[2020-06-15T08:39:53-05:00] INFO: Connection has been established successfully!
[2020-06-15T08:39:59-05:00] INFO: read user-by-username:
[2020-06-15T08:39:59-05:00] ERROR: User not exists
[2020-06-15T08:39:59-05:00] DEBUG:  GET /user/find/miapenahu2 STATUS:500 REMOTE_ADDR:::1 REMOTE_USER:- USER-AGENT:PostmanRuntime/7.25.0
[2020-06-15T08:44:45-05:00] INFO: Server on port 8000
[2020-06-15T08:44:45-05:00] INFO: Connection has been established successfully!
[2020-06-15T08:45:08-05:00] INFO: Server on port 8000
[2020-06-15T08:45:08-05:00] INFO: Connection has been established successfully!
[2020-06-15T08:45:42-05:00] INFO: Server on port 8000
[2020-06-15T08:45:42-05:00] INFO: Connection has been established successfully!
[2020-06-15T08:46:08-05:00] DEBUG:  OPTIONS /user/login STATUS:200 REMOTE_ADDR:::1 REMOTE_USER:- USER-AGENT:Mozilla/5.0 (Windows NT 10.0; Win64; x64) AppleWebKit/537.36 (KHTML, like Gecko) Chrome/83.0.4103.97 Safari/537.36
[2020-06-15T08:46:08-05:00] INFO: read user-validate:
[2020-06-15T08:46:08-05:00] WARNING: User/Enterprise with specified username does not exist
[2020-06-15T08:46:08-05:00] DEBUG:  POST /user/login STATUS:404 REMOTE_ADDR:::1 REMOTE_USER:- USER-AGENT:Mozilla/5.0 (Windows NT 10.0; Win64; x64) AppleWebKit/537.36 (KHTML, like Gecko) Chrome/83.0.4103.97 Safari/537.36
[2020-06-15T08:46:27-05:00] DEBUG:  OPTIONS /user/login STATUS:200 REMOTE_ADDR:::1 REMOTE_USER:- USER-AGENT:Mozilla/5.0 (Windows NT 10.0; Win64; x64) AppleWebKit/537.36 (KHTML, like Gecko) Chrome/83.0.4103.97 Safari/537.36
[2020-06-15T08:46:27-05:00] INFO: read user-validate:
[2020-06-15T08:46:27-05:00] WARNING: User/Enterprise with specified username does not exist
[2020-06-15T08:46:27-05:00] DEBUG:  POST /user/login STATUS:404 REMOTE_ADDR:::1 REMOTE_USER:- USER-AGENT:Mozilla/5.0 (Windows NT 10.0; Win64; x64) AppleWebKit/537.36 (KHTML, like Gecko) Chrome/83.0.4103.97 Safari/537.36
[2020-06-15T08:50:46-05:00] INFO: Server on port 8000
[2020-06-15T08:50:46-05:00] INFO: Connection has been established successfully!
[2020-06-15T08:52:13-05:00] INFO: Server on port 8000
[2020-06-15T08:52:13-05:00] INFO: Connection has been established successfully!
[2020-06-15T08:56:45-05:00] INFO: Server on port 8000
[2020-06-15T08:56:45-05:00] INFO: Connection has been established successfully!
[2020-06-15T08:59:45-05:00] INFO: Server on port 8000
[2020-06-15T08:59:45-05:00] INFO: Connection has been established successfully!
[2020-06-15T08:59:58-05:00] INFO: Server on port 8000
[2020-06-15T08:59:58-05:00] INFO: Connection has been established successfully!
[2020-06-15T10:47:42-05:00] INFO: Server on port 8000
[2020-06-15T10:47:43-05:00] INFO: Connection has been established successfully!
[2020-06-15T10:57:52-05:00] INFO: Server on port 8000
[2020-06-15T10:57:52-05:00] INFO: Connection has been established successfully!
[2020-06-15T10:59:52-05:00] INFO: Server on port 8000
[2020-06-15T10:59:52-05:00] INFO: Connection has been established successfully!
[2020-06-15T11:13:06-05:00] INFO: Server on port 8000
[2020-06-15T11:13:06-05:00] INFO: Connection has been established successfully!
[2020-06-15T11:15:21-05:00] INFO: Server on port 8000
[2020-06-15T11:15:23-05:00] CRITICAL: Can't establish database connection: SequelizeConnectionRefusedError: connect ECONNREFUSED 127.0.0.1:3306
[2020-06-15T11:15:44-05:00] INFO: Server on port 8000
[2020-06-15T11:15:44-05:00] INFO: Connection has been established successfully!
[2020-06-15T11:16:33-05:00] INFO: read user-by-username:
[2020-06-15T11:16:33-05:00] WARNING: User with the specified username does not exists
[2020-06-15T11:16:33-05:00] DEBUG:  GET /user/find/miapenahu2 STATUS:404 REMOTE_ADDR:::1 REMOTE_USER:- USER-AGENT:PostmanRuntime/7.25.0
[2020-06-15T11:23:11-05:00] DEBUG:  OPTIONS /user/signup STATUS:200 REMOTE_ADDR:::1 REMOTE_USER:- USER-AGENT:Mozilla/5.0 (Windows NT 10.0; Win64; x64) AppleWebKit/537.36 (KHTML, like Gecko) Chrome/83.0.4103.97 Safari/537.36
[2020-06-15T11:23:11-05:00] INFO: create user:
[2020-06-15T11:23:11-05:00] WARNING: Username can't contain spaces
[2020-06-15T11:23:11-05:00] WARNING: Username is already registered
[2020-06-15T11:23:11-05:00] ERROR: Cannot set headers after they are sent to the client
[2020-06-15T11:23:11-05:00] DEBUG:  POST /user/signup STATUS:500 REMOTE_ADDR:::1 REMOTE_USER:- USER-AGENT:Mozilla/5.0 (Windows NT 10.0; Win64; x64) AppleWebKit/537.36 (KHTML, like Gecko) Chrome/83.0.4103.97 Safari/537.36
[2020-06-15T11:26:19-05:00] DEBUG:  OPTIONS /user/signup STATUS:200 REMOTE_ADDR:::1 REMOTE_USER:- USER-AGENT:Mozilla/5.0 (Windows NT 10.0; Win64; x64) AppleWebKit/537.36 (KHTML, like Gecko) Chrome/83.0.4103.97 Safari/537.36
[2020-06-15T11:26:19-05:00] INFO: create user:
[2020-06-15T11:26:19-05:00] WARNING: Username can't contain spaces
[2020-06-15T11:26:19-05:00] WARNING: Username is already registered
[2020-06-15T11:26:19-05:00] ERROR: Cannot set headers after they are sent to the client
[2020-06-15T11:26:19-05:00] DEBUG:  POST /user/signup STATUS:500 REMOTE_ADDR:::1 REMOTE_USER:- USER-AGENT:Mozilla/5.0 (Windows NT 10.0; Win64; x64) AppleWebKit/537.36 (KHTML, like Gecko) Chrome/83.0.4103.97 Safari/537.36
[2020-06-15T11:27:49-05:00] DEBUG:  OPTIONS /user/signup STATUS:200 REMOTE_ADDR:::1 REMOTE_USER:- USER-AGENT:Mozilla/5.0 (Windows NT 10.0; Win64; x64) AppleWebKit/537.36 (KHTML, like Gecko) Chrome/83.0.4103.97 Safari/537.36
[2020-06-15T11:27:49-05:00] INFO: create user:
[2020-06-15T11:27:49-05:00] WARNING: Username can't contain spaces
[2020-06-15T11:27:49-05:00] WARNING: Username is already registered
[2020-06-15T11:27:49-05:00] ERROR: Cannot set headers after they are sent to the client
[2020-06-15T11:27:49-05:00] DEBUG:  POST /user/signup STATUS:500 REMOTE_ADDR:::1 REMOTE_USER:- USER-AGENT:Mozilla/5.0 (Windows NT 10.0; Win64; x64) AppleWebKit/537.36 (KHTML, like Gecko) Chrome/83.0.4103.97 Safari/537.36
[2020-06-15T11:28:10-05:00] INFO: Server on port 8000
[2020-06-15T11:28:10-05:00] INFO: Connection has been established successfully!
[2020-06-15T11:28:17-05:00] DEBUG:  OPTIONS /user/signup STATUS:200 REMOTE_ADDR:::1 REMOTE_USER:- USER-AGENT:Mozilla/5.0 (Windows NT 10.0; Win64; x64) AppleWebKit/537.36 (KHTML, like Gecko) Chrome/83.0.4103.97 Safari/537.36
[2020-06-15T11:28:17-05:00] INFO: create user:
[2020-06-15T11:28:17-05:00] WARNING: Username can't contain spaces
[2020-06-15T11:28:17-05:00] DEBUG:  POST /user/signup STATUS:400 REMOTE_ADDR:::1 REMOTE_USER:- USER-AGENT:Mozilla/5.0 (Windows NT 10.0; Win64; x64) AppleWebKit/537.36 (KHTML, like Gecko) Chrome/83.0.4103.97 Safari/537.36
[2020-06-15T11:31:41-05:00] INFO: Server on port 8000
[2020-06-15T11:31:41-05:00] INFO: Connection has been established successfully!
[2020-06-15T11:31:50-05:00] DEBUG:  OPTIONS /user/signup STATUS:200 REMOTE_ADDR:::1 REMOTE_USER:- USER-AGENT:Mozilla/5.0 (Windows NT 10.0; Win64; x64) AppleWebKit/537.36 (KHTML, like Gecko) Chrome/83.0.4103.97 Safari/537.36
[2020-06-15T11:31:50-05:00] INFO: create user:
[2020-06-15T11:31:50-05:00] WARNING: Passwords inserted does not coincide
[2020-06-15T11:31:50-05:00] DEBUG:  POST /user/signup STATUS:400 REMOTE_ADDR:::1 REMOTE_USER:- USER-AGENT:Mozilla/5.0 (Windows NT 10.0; Win64; x64) AppleWebKit/537.36 (KHTML, like Gecko) Chrome/83.0.4103.97 Safari/537.36
[2020-06-15T11:37:24-05:00] INFO: Server on port 8000
[2020-06-15T11:37:24-05:00] INFO: Connection has been established successfully!
[2020-06-15T11:37:32-05:00] DEBUG:  OPTIONS /user/signup STATUS:200 REMOTE_ADDR:::1 REMOTE_USER:- USER-AGENT:Mozilla/5.0 (Windows NT 10.0; Win64; x64) AppleWebKit/537.36 (KHTML, like Gecko) Chrome/83.0.4103.97 Safari/537.36
[2020-06-15T11:37:32-05:00] INFO: create user:
[2020-06-15T11:37:32-05:00] WARNING: Username can't contain spaces
[2020-06-15T11:37:32-05:00] WARNING: Username is already registered
[2020-06-15T11:37:32-05:00] ERROR: Cannot set headers after they are sent to the client
[2020-06-15T11:37:32-05:00] DEBUG:  POST /user/signup STATUS:500 REMOTE_ADDR:::1 REMOTE_USER:- USER-AGENT:Mozilla/5.0 (Windows NT 10.0; Win64; x64) AppleWebKit/537.36 (KHTML, like Gecko) Chrome/83.0.4103.97 Safari/537.36
[2020-06-15T11:37:44-05:00] DEBUG:  OPTIONS /user/signup STATUS:200 REMOTE_ADDR:::1 REMOTE_USER:- USER-AGENT:Mozilla/5.0 (Windows NT 10.0; Win64; x64) AppleWebKit/537.36 (KHTML, like Gecko) Chrome/83.0.4103.97 Safari/537.36
[2020-06-15T11:37:44-05:00] INFO: create user:
[2020-06-15T11:37:44-05:00] WARNING: Username can't contain spaces
[2020-06-15T11:37:44-05:00] WARNING: Username is already registered
[2020-06-15T11:37:44-05:00] ERROR: Cannot set headers after they are sent to the client
[2020-06-15T11:37:44-05:00] DEBUG:  POST /user/signup STATUS:500 REMOTE_ADDR:::1 REMOTE_USER:- USER-AGENT:Mozilla/5.0 (Windows NT 10.0; Win64; x64) AppleWebKit/537.36 (KHTML, like Gecko) Chrome/83.0.4103.97 Safari/537.36
[2020-06-15T11:40:09-05:00] INFO: Server on port 8000
[2020-06-15T11:40:09-05:00] INFO: Connection has been established successfully!
[2020-06-15T11:40:22-05:00] DEBUG:  OPTIONS /user/signup STATUS:200 REMOTE_ADDR:::1 REMOTE_USER:- USER-AGENT:Mozilla/5.0 (Windows NT 10.0; Win64; x64) AppleWebKit/537.36 (KHTML, like Gecko) Chrome/83.0.4103.97 Safari/537.36
[2020-06-15T11:40:22-05:00] INFO: create user:
[2020-06-15T11:40:22-05:00] WARNING: Username can't contain spaces
[2020-06-15T11:40:22-05:00] WARNING: Username is already registered
[2020-06-15T11:40:22-05:00] ERROR: Cannot set headers after they are sent to the client
[2020-06-15T11:40:22-05:00] ERROR: Cannot set headers after they are sent to the client
[2020-06-15T11:40:22-05:00] DEBUG:  POST /user/signup STATUS:500 REMOTE_ADDR:::1 REMOTE_USER:- USER-AGENT:Mozilla/5.0 (Windows NT 10.0; Win64; x64) AppleWebKit/537.36 (KHTML, like Gecko) Chrome/83.0.4103.97 Safari/537.36
[2020-06-15T11:44:03-05:00] INFO: Server on port 8000
[2020-06-15T11:44:03-05:00] INFO: Connection has been established successfully!
[2020-06-15T11:44:07-05:00] DEBUG:  OPTIONS /user/signup STATUS:200 REMOTE_ADDR:::1 REMOTE_USER:- USER-AGENT:Mozilla/5.0 (Windows NT 10.0; Win64; x64) AppleWebKit/537.36 (KHTML, like Gecko) Chrome/83.0.4103.97 Safari/537.36
[2020-06-15T11:44:07-05:00] INFO: create user:
[2020-06-15T11:44:07-05:00] WARNING: Username can't contain spaces
[2020-06-15T11:44:07-05:00] WARNING: Username is already registered
[2020-06-15T11:44:07-05:00] ERROR: Cannot set headers after they are sent to the client
[2020-06-15T11:44:07-05:00] ERROR: Cannot set headers after they are sent to the client
[2020-06-15T11:44:07-05:00] DEBUG:  POST /user/signup STATUS:500 REMOTE_ADDR:::1 REMOTE_USER:- USER-AGENT:Mozilla/5.0 (Windows NT 10.0; Win64; x64) AppleWebKit/537.36 (KHTML, like Gecko) Chrome/83.0.4103.97 Safari/537.36
[2020-06-15T11:44:58-05:00] INFO: Server on port 8000
[2020-06-15T11:44:58-05:00] INFO: Connection has been established successfully!
[2020-06-15T11:45:04-05:00] DEBUG:  OPTIONS /user/signup STATUS:200 REMOTE_ADDR:::1 REMOTE_USER:- USER-AGENT:Mozilla/5.0 (Windows NT 10.0; Win64; x64) AppleWebKit/537.36 (KHTML, like Gecko) Chrome/83.0.4103.97 Safari/537.36
[2020-06-15T11:45:04-05:00] INFO: create user:
[2020-06-15T11:45:04-05:00] WARNING: Username can't contain spaces
[2020-06-15T11:45:04-05:00] WARNING: Username is already registered
[2020-06-15T11:45:04-05:00] ERROR: Cannot set headers after they are sent to the client
[2020-06-15T11:45:04-05:00] CRITICAL: Cannot set headers after they are sent to the client
[2020-06-15T11:45:04-05:00] DEBUG:  POST /user/signup STATUS:500 REMOTE_ADDR:::1 REMOTE_USER:- USER-AGENT:Mozilla/5.0 (Windows NT 10.0; Win64; x64) AppleWebKit/537.36 (KHTML, like Gecko) Chrome/83.0.4103.97 Safari/537.36
[2020-06-15T11:46:45-05:00] INFO: Server on port 8000
[2020-06-15T11:46:45-05:00] INFO: Connection has been established successfully!
[2020-06-15T11:47:55-05:00] INFO: Server on port 8000
[2020-06-15T11:47:55-05:00] INFO: Connection has been established successfully!
[2020-06-15T11:50:09-05:00] INFO: Server on port 8000
[2020-06-15T11:50:09-05:00] INFO: Connection has been established successfully!
[2020-06-15T11:50:23-05:00] INFO: Server on port 8000
[2020-06-15T11:50:23-05:00] INFO: Connection has been established successfully!
[2020-06-15T11:51:52-05:00] INFO: Server on port 8000
[2020-06-15T11:51:52-05:00] INFO: Connection has been established successfully!
[2020-06-15T11:53:25-05:00] INFO: Server on port 8000
[2020-06-15T11:53:25-05:00] INFO: Connection has been established successfully!
[2020-06-15T11:53:35-05:00] DEBUG:  OPTIONS /user/signup STATUS:200 REMOTE_ADDR:::1 REMOTE_USER:- USER-AGENT:Mozilla/5.0 (Windows NT 10.0; Win64; x64) AppleWebKit/537.36 (KHTML, like Gecko) Chrome/83.0.4103.97 Safari/537.36
[2020-06-15T11:53:35-05:00] INFO: create user:
[2020-06-15T11:53:35-05:00] WARNING: Username can't contain spaces
[2020-06-15T11:53:35-05:00] DEBUG:  POST /user/signup STATUS:400 REMOTE_ADDR:::1 REMOTE_USER:- USER-AGENT:Mozilla/5.0 (Windows NT 10.0; Win64; x64) AppleWebKit/537.36 (KHTML, like Gecko) Chrome/83.0.4103.97 Safari/537.36
[2020-06-15T11:53:47-05:00] DEBUG:  OPTIONS /user/signup STATUS:200 REMOTE_ADDR:::1 REMOTE_USER:- USER-AGENT:Mozilla/5.0 (Windows NT 10.0; Win64; x64) AppleWebKit/537.36 (KHTML, like Gecko) Chrome/83.0.4103.97 Safari/537.36
[2020-06-15T11:53:47-05:00] INFO: create user:
[2020-06-15T11:53:47-05:00] WARNING: Passwords inserted does not coincide
[2020-06-15T11:53:47-05:00] DEBUG:  POST /user/signup STATUS:400 REMOTE_ADDR:::1 REMOTE_USER:- USER-AGENT:Mozilla/5.0 (Windows NT 10.0; Win64; x64) AppleWebKit/537.36 (KHTML, like Gecko) Chrome/83.0.4103.97 Safari/537.36
[2020-06-15T11:53:55-05:00] DEBUG:  OPTIONS /user/signup STATUS:200 REMOTE_ADDR:::1 REMOTE_USER:- USER-AGENT:Mozilla/5.0 (Windows NT 10.0; Win64; x64) AppleWebKit/537.36 (KHTML, like Gecko) Chrome/83.0.4103.97 Safari/537.36
[2020-06-15T11:53:55-05:00] INFO: create user:
[2020-06-15T11:53:55-05:00] WARNING: Passwords inserted does not coincide
[2020-06-15T11:53:55-05:00] DEBUG:  POST /user/signup STATUS:400 REMOTE_ADDR:::1 REMOTE_USER:- USER-AGENT:Mozilla/5.0 (Windows NT 10.0; Win64; x64) AppleWebKit/537.36 (KHTML, like Gecko) Chrome/83.0.4103.97 Safari/537.36
[2020-06-15T11:54:03-05:00] DEBUG:  OPTIONS /user/signup STATUS:200 REMOTE_ADDR:::1 REMOTE_USER:- USER-AGENT:Mozilla/5.0 (Windows NT 10.0; Win64; x64) AppleWebKit/537.36 (KHTML, like Gecko) Chrome/83.0.4103.97 Safari/537.36
[2020-06-15T11:54:03-05:00] INFO: create user:
[2020-06-15T11:54:03-05:00] WARNING: Passwords inserted does not coincide
[2020-06-15T11:54:03-05:00] DEBUG:  POST /user/signup STATUS:400 REMOTE_ADDR:::1 REMOTE_USER:- USER-AGENT:Mozilla/5.0 (Windows NT 10.0; Win64; x64) AppleWebKit/537.36 (KHTML, like Gecko) Chrome/83.0.4103.97 Safari/537.36
[2020-06-15T11:54:10-05:00] DEBUG:  OPTIONS /user/signup STATUS:200 REMOTE_ADDR:::1 REMOTE_USER:- USER-AGENT:Mozilla/5.0 (Windows NT 10.0; Win64; x64) AppleWebKit/537.36 (KHTML, like Gecko) Chrome/83.0.4103.97 Safari/537.36
[2020-06-15T11:54:10-05:00] INFO: create user:
[2020-06-15T11:54:10-05:00] DEBUG:  POST /user/signup STATUS:201 REMOTE_ADDR:::1 REMOTE_USER:- USER-AGENT:Mozilla/5.0 (Windows NT 10.0; Win64; x64) AppleWebKit/537.36 (KHTML, like Gecko) Chrome/83.0.4103.97 Safari/537.36
[2020-06-15T11:54:31-05:00] INFO: read enterprise:
[2020-06-15T11:54:31-05:00] DEBUG:  GET /enterprise/find/all STATUS:200 REMOTE_ADDR:::1 REMOTE_USER:- USER-AGENT:PostmanRuntime/7.25.0
[2020-06-15T11:54:38-05:00] INFO: read managed-users:
[2020-06-15T11:54:38-05:00] WARNING: This Enterprise Username does not exist
[2020-06-15T11:54:38-05:00] DEBUG:  GET /enterprise/find/managed/enterprise10 STATUS:404 REMOTE_ADDR:::1 REMOTE_USER:- USER-AGENT:PostmanRuntime/7.25.0
[2020-06-15T11:54:44-05:00] INFO: read managed-users:
[2020-06-15T11:54:44-05:00] DEBUG:  GET /enterprise/find/managed/enterprise1 STATUS:200 REMOTE_ADDR:::1 REMOTE_USER:- USER-AGENT:PostmanRuntime/7.25.0
[2020-06-15T11:55:20-05:00] INFO: create enterprise:
[2020-06-15T11:55:20-05:00] DEBUG:  POST /enterprise/create STATUS:201 REMOTE_ADDR:::1 REMOTE_USER:- USER-AGENT:PostmanRuntime/7.25.0
[2020-06-15T11:55:40-05:00] INFO: read enterprise:
[2020-06-15T11:55:40-05:00] DEBUG:  GET /enterprise/find/all STATUS:200 REMOTE_ADDR:::1 REMOTE_USER:- USER-AGENT:PostmanRuntime/7.25.0
[2020-06-15T11:55:50-05:00] INFO: delete enterprise:
[2020-06-15T11:55:50-05:00] DEBUG:  DELETE /enterprise/delete/2 STATUS:200 REMOTE_ADDR:::1 REMOTE_USER:- USER-AGENT:PostmanRuntime/7.25.0
[2020-06-15T11:58:03-05:00] INFO: Server on port 8000
[2020-06-15T11:58:03-05:00] INFO: Connection has been established successfully!
[2020-06-15T11:58:08-05:00] INFO: Server on port 8000
[2020-06-15T11:58:08-05:00] INFO: Connection has been established successfully!
[2020-06-15T12:07:21-05:00] DEBUG:  OPTIONS /user/signup STATUS:200 REMOTE_ADDR:::1 REMOTE_USER:- USER-AGENT:Mozilla/5.0 (Windows NT 10.0; Win64; x64) AppleWebKit/537.36 (KHTML, like Gecko) Chrome/83.0.4103.97 Safari/537.36
[2020-06-15T12:07:21-05:00] INFO: create user:
[2020-06-15T12:07:21-05:00] WARNING: Username is already registered
[2020-06-15T12:07:21-05:00] DEBUG:  POST /user/signup STATUS:400 REMOTE_ADDR:::1 REMOTE_USER:- USER-AGENT:Mozilla/5.0 (Windows NT 10.0; Win64; x64) AppleWebKit/537.36 (KHTML, like Gecko) Chrome/83.0.4103.97 Safari/537.36
[2020-06-15T12:13:38-05:00] INFO: Server on port 8000
[2020-06-15T12:13:38-05:00] INFO: Connection has been established successfully!
[2020-06-15T12:19:36-05:00] INFO: Server on port 8000
[2020-06-15T12:19:36-05:00] INFO: Connection has been established successfully!
[2020-06-15T12:24:19-05:00] INFO: Server on port 8000
[2020-06-15T12:24:19-05:00] INFO: Connection has been established successfully!
[2020-06-15T12:24:48-05:00] INFO: Server on port 8000
[2020-06-15T12:24:48-05:00] INFO: Connection has been established successfully!
[2020-06-15T12:30:50-05:00] INFO: Server on port 8000
[2020-06-15T12:30:50-05:00] INFO: Connection has been established successfully!
[2020-06-15T12:32:03-05:00] INFO: Server on port 8000
[2020-06-15T12:32:03-05:00] INFO: Connection has been established successfully!
[2020-06-15T12:33:39-05:00] INFO: Server on port 8000
[2020-06-15T12:33:39-05:00] INFO: Connection has been established successfully!
[2020-06-15T13:26:38-05:00] INFO: Server on port 8000
[2020-06-15T13:26:38-05:00] INFO: Connection has been established successfully!
[2020-06-15T13:28:19-05:00] DEBUG:  OPTIONS /user/signup STATUS:200 REMOTE_ADDR:::1 REMOTE_USER:- USER-AGENT:Mozilla/5.0 (Windows NT 10.0; Win64; x64) AppleWebKit/537.36 (KHTML, like Gecko) Chrome/83.0.4103.97 Safari/537.36
[2020-06-15T13:28:19-05:00] INFO: create user:
[2020-06-15T13:28:19-05:00] WARNING: Username can't contain spaces
[2020-06-15T13:28:19-05:00] DEBUG:  POST /user/signup STATUS:400 REMOTE_ADDR:::1 REMOTE_USER:- USER-AGENT:Mozilla/5.0 (Windows NT 10.0; Win64; x64) AppleWebKit/537.36 (KHTML, like Gecko) Chrome/83.0.4103.97 Safari/537.36
[2020-06-15T13:28:38-05:00] DEBUG:  OPTIONS /user/signup STATUS:200 REMOTE_ADDR:::1 REMOTE_USER:- USER-AGENT:Mozilla/5.0 (Windows NT 10.0; Win64; x64) AppleWebKit/537.36 (KHTML, like Gecko) Chrome/83.0.4103.97 Safari/537.36
[2020-06-15T13:28:38-05:00] INFO: create user:
[2020-06-15T13:28:39-05:00] WARNING: Passwords inserted does not coincide
[2020-06-15T13:28:39-05:00] DEBUG:  POST /user/signup STATUS:400 REMOTE_ADDR:::1 REMOTE_USER:- USER-AGENT:Mozilla/5.0 (Windows NT 10.0; Win64; x64) AppleWebKit/537.36 (KHTML, like Gecko) Chrome/83.0.4103.97 Safari/537.36
[2020-06-15T13:29:02-05:00] DEBUG:  OPTIONS /user/signup STATUS:200 REMOTE_ADDR:::1 REMOTE_USER:- USER-AGENT:Mozilla/5.0 (Windows NT 10.0; Win64; x64) AppleWebKit/537.36 (KHTML, like Gecko) Chrome/83.0.4103.97 Safari/537.36
[2020-06-15T13:29:02-05:00] INFO: create user:
[2020-06-15T13:29:02-05:00] INFO: Succesfully inserted.
[2020-06-15T13:29:02-05:00] DEBUG:  POST /user/signup STATUS:201 REMOTE_ADDR:::1 REMOTE_USER:- USER-AGENT:Mozilla/5.0 (Windows NT 10.0; Win64; x64) AppleWebKit/537.36 (KHTML, like Gecko) Chrome/83.0.4103.97 Safari/537.36
[2020-06-15T13:29:56-05:00] INFO: Server on port 8000
[2020-06-15T13:29:56-05:00] INFO: Connection has been established successfully!
[2020-06-15T13:30:24-05:00] DEBUG:  OPTIONS /user/signup STATUS:200 REMOTE_ADDR:::1 REMOTE_USER:- USER-AGENT:Mozilla/5.0 (Windows NT 10.0; Win64; x64) AppleWebKit/537.36 (KHTML, like Gecko) Chrome/83.0.4103.97 Safari/537.36
[2020-06-15T13:30:24-05:00] INFO: create user:
[2020-06-15T13:30:24-05:00] INFO: Successfully inserted.
[2020-06-15T13:30:24-05:00] DEBUG:  POST /user/signup STATUS:201 REMOTE_ADDR:::1 REMOTE_USER:- USER-AGENT:Mozilla/5.0 (Windows NT 10.0; Win64; x64) AppleWebKit/537.36 (KHTML, like Gecko) Chrome/83.0.4103.97 Safari/537.36
[2020-06-15T13:31:26-05:00] INFO: Server on port 8000
[2020-06-15T13:31:28-05:00] CRITICAL: Can't establish database connection: SequelizeConnectionRefusedError: connect ECONNREFUSED 127.0.0.1:3306
