[2020-06-16T03:26:01-05:00] INFO: Server on port 8000
[2020-06-16T03:26:01-05:00] INFO: Connection has been established successfully!
[2020-06-16T03:26:05-05:00] INFO: Server on port 8000
[2020-06-16T03:26:05-05:00] INFO: Connection has been established successfully!
[2020-06-16T03:41:17-05:00] INFO: Server on port 8000
[2020-06-16T03:41:17-05:00] INFO: Connection has been established successfully!
[2020-06-16T03:41:27-05:00] INFO: read user-auth:
[2020-06-16T03:41:27-05:00] INFO: Successfully read.
[2020-06-16T03:41:27-05:00] DEBUG:  POST /user/login/auth STATUS:200 REMOTE_ADDR:::1 REMOTE_USER:- USER-AGENT:PostmanRuntime/7.25.0
[2020-06-16T03:41:46-05:00] INFO: Server on port 8000
[2020-06-16T03:41:46-05:00] INFO: Connection has been established successfully!
[2020-06-16T03:42:00-05:00] INFO: Server on port 8000
[2020-06-16T03:42:00-05:00] INFO: Connection has been established successfully!
[2020-06-16T03:42:08-05:00] INFO: read user-auth:
[2020-06-16T03:42:08-05:00] INFO: Successfully read.
[2020-06-16T03:42:08-05:00] DEBUG:  POST /user/login/auth STATUS:200 REMOTE_ADDR:::1 REMOTE_USER:- USER-AGENT:PostmanRuntime/7.25.0
[2020-06-16T03:45:58-05:00] INFO: Server on port 8000
[2020-06-16T03:45:58-05:00] INFO: Connection has been established successfully!
[2020-06-16T03:46:13-05:00] INFO: read user-auth:
[2020-06-16T03:46:14-05:00] INFO: Successfully read.
[2020-06-16T03:46:14-05:00] DEBUG:  POST /user/login/auth STATUS:200 REMOTE_ADDR:::1 REMOTE_USER:- USER-AGENT:PostmanRuntime/7.25.0
[2020-06-16T04:43:37-05:00] INFO: Server on port 8000
[2020-06-16T04:43:37-05:00] INFO: Connection has been established successfully!
[2020-06-16T04:45:14-05:00] INFO: Server on port 8000
[2020-06-16T04:45:14-05:00] INFO: Connection has been established successfully!
[2020-06-16T04:45:40-05:00] INFO: create user:
[2020-06-16T04:45:41-05:00] INFO: Successfully inserted.
[2020-06-16T04:45:41-05:00] DEBUG:  POST /user/signup STATUS:201 REMOTE_ADDR:::1 REMOTE_USER:- USER-AGENT:PostmanRuntime/7.25.0
[2020-06-16T04:45:58-05:00] WARNING: Token doesn't provided
[2020-06-16T04:45:58-05:00] DEBUG:  POST /user/login STATUS:200 REMOTE_ADDR:::1 REMOTE_USER:- USER-AGENT:PostmanRuntime/7.25.0
[2020-06-16T04:47:34-05:00] INFO: Server on port 8000
[2020-06-16T04:47:34-05:00] INFO: Connection has been established successfully!
[2020-06-16T04:47:40-05:00] INFO: read user-validate:
[2020-06-16T04:47:40-05:00] INFO: Successfully read. Token generated
[2020-06-16T04:47:40-05:00] DEBUG:  POST /user/login STATUS:200 REMOTE_ADDR:::1 REMOTE_USER:- USER-AGENT:PostmanRuntime/7.25.0
[2020-06-16T04:50:08-05:00] INFO: Server on port 8000
[2020-06-16T04:50:08-05:00] INFO: Connection has been established successfully!
[2020-06-16T04:52:06-05:00] INFO: Server on port 8000
[2020-06-16T04:52:06-05:00] INFO: Connection has been established successfully!
[2020-06-16T04:52:08-05:00] INFO: Server on port 8000
[2020-06-16T04:52:08-05:00] INFO: Connection has been established successfully!
[2020-06-16T04:52:10-05:00] INFO: Server on port 8000
[2020-06-16T04:52:10-05:00] INFO: Connection has been established successfully!
[2020-06-16T04:52:11-05:00] INFO: Server on port 8000
[2020-06-16T04:52:11-05:00] INFO: Connection has been established successfully!
[2020-06-16T04:52:13-05:00] INFO: Server on port 8000
[2020-06-16T04:52:13-05:00] INFO: Connection has been established successfully!
[2020-06-16T04:52:15-05:00] INFO: Server on port 8000
[2020-06-16T04:52:15-05:00] INFO: Connection has been established successfully!
[2020-06-16T04:54:44-05:00] INFO: read user-validate:
[2020-06-16T04:54:44-05:00] INFO: Successfully read. Token generated
[2020-06-16T04:54:44-05:00] DEBUG:  POST /user/login STATUS:200 REMOTE_ADDR:::1 REMOTE_USER:- USER-AGENT:PostmanRuntime/7.25.0
